{"ts":1781595720844,"action":"PROJECT_OPENED","tags":{"PROJECT_NAME":"ErgouTreeCrypt"}}
{"ts":1781595722186,"action":"FILE_OPENED","file":"/pom.xml","tags":{"FILE_LINE_OF_CODE":"91"}}
{"ts":1781595722250,"action":"FILE_CLOSED","file":"/pom.xml","tags":{"FILE_LINE_OF_CODE":"91"}}
{"ts":1781595722250,"action":"FILE_OPENED","file":"/src/main/resources/hbnu/project/ergoutreecrypt/hello-view.fxml","tags":{"FILE_LINE_OF_CODE":"17"}}
{"ts":1781595722360,"action":"FILE_CLOSED","file":"/src/main/resources/hbnu/project/ergoutreecrypt/hello-view.fxml","tags":{"FILE_LINE_OF_CODE":"17"}}
{"ts":1781595722360,"action":"FILE_OPENED","file":"/src/main/java/hbnu/project/ergoutreecrypt/HelloController.java","tags":{"FILE_LINE_OF_CODE":"15"}}
{"ts":1781595722397,"action":"FILE_CLOSED","file":"/src/main/java/hbnu/project/ergoutreecrypt/HelloController.java","tags":{"FILE_LINE_OF_CODE":"15"}}
{"ts":1781595722397,"action":"FILE_OPENED","file":"/src/main/java/hbnu/project/ergoutreecrypt/HelloApplication.java","tags":{"FILE_LINE_OF_CODE":"20"}}
{"ts":1781595722509,"action":"FILE_CLOSED","file":"/src/main/java/hbnu/project/ergoutreecrypt/HelloApplication.java","tags":{"FILE_LINE_OF_CODE":"20"}}
{"ts":1781595722509,"action":"FILE_OPENED","file":"/src/main/java/hbnu/project/ergoutreecrypt/Launcher.java","tags":{"FILE_LINE_OF_CODE":"10"}}
{"ts":1781595759879,"action":"IDE_DEACTIVATED"}
{"ts":1781595769611,"action":"IDE_ACTIVATED"}
{"ts":1781595770620,"action":"IDE_DEACTIVATED"}
{"ts":1781595781132,"action":"IDE_ACTIVATED"}
{"ts":1781595782648,"action":"FILE_CLOSED","file":"/src/main/java/hbnu/project/ergoutreecrypt/Launcher.java","tags":{"FILE_LINE_OF_CODE":"10"}}
{"ts":1781595782648,"action":"FILE_OPENED","file":"/pom.xml","tags":{"FILE_LINE_OF_CODE":"91"}}
{"ts":1781595826103,"action":"IDE_DEACTIVATED"}
{"ts":1781595826229,"action":"IDE_ACTIVATED"}
{"ts":1781595828502,"action":"IDE_DEACTIVATED"}
{"ts":1781596255481,"action":"IDE_ACTIVATED"}
{"ts":1781596256043,"action":"IDE_DEACTIVATED"}
{"ts":1781596256392,"action":"IDE_ACTIVATED"}
{"ts":1781596256961,"action":"IDE_DEACTIVATED"}
{"ts":1781596257485,"action":"IDE_ACTIVATED"}
{"ts":1781596260104,"action":"IDE_DEACTIVATED"}
{"ts":1781596261958,"action":"IDE_ACTIVATED"}
{"ts":1781596263151,"action":"IDE_DEACTIVATED"}
{"ts":1781596299018,"action":"IDE_ACTIVATED"}
{"ts":1781596367535,"action":"IDE_DEACTIVATED"}
{"ts":1781596428243,"action":"IDE_ACTIVATED"}
{"ts":1781596429732,"action":"IDE_DEACTIVATED"}
{"ts":1781596433156,"action":"IDE_ACTIVATED"}
{"ts":1781596434242,"action":"IDE_DEACTIVATED"}
{"ts":1781597978671,"action":"IDE_ACTIVATED"}
{"ts":1781597981229,"action":"IDE_DEACTIVATED"}
{"ts":1781597984705,"action":"IDE_ACTIVATED"}
{"ts":1781597990078,"action":"IDE_DEACTIVATED"}
{"ts":1781597991069,"action":"IDE_ACTIVATED"}
{"ts":1781598002673,"action":"IDE_DEACTIVATED"}
{"ts":1781598003683,"action":"IDE_ACTIVATED"}
{"ts":1781598006360,"action":"IDE_DEACTIVATED"}
{"ts":1781598008140,"action":"IDE_ACTIVATED"}
{"ts":1781598012521,"action":"IDE_DEACTIVATED"}
{"ts":1781598013978,"action":"IDE_ACTIVATED"}
{"ts":1781598017924,"action":"IDE_DEACTIVATED"}
{"ts":1781598019142,"action":"IDE_ACTIVATED"}
{"ts":1781598022532,"action":"IDE_DEACTIVATED"}
{"ts":1781598024767,"action":"IDE_ACTIVATED"}
{"ts":1781598028072,"action":"IDE_DEACTIVATED"}
{"ts":1781598029111,"action":"IDE_ACTIVATED"}
{"ts":1781598033104,"action":"IDE_DEACTIVATED"}
{"ts":1781598033937,"action":"IDE_ACTIVATED"}
{"ts":1781598071093,"action":"IDE_DEACTIVATED"}
{"ts":1781598077181,"action":"IDE_ACTIVATED"}
{"ts":1781598083537,"action":"IDE_DEACTIVATED"}
{"ts":1781598370568,"action":"IDE_ACTIVATED"}
{"ts":1781598381382,"action":"FILE_CLOSED","file":"/pom.xml","tags":{"FILE_LINE_OF_CODE":"91"}}
{"ts":1781598381382,"action":"FILE_OPENED","file":"/docs/DEVELOPMENT_PLAN.md","tags":{"FILE_LINE_OF_CODE":"260"}}
{"ts":1781598453518,"action":"IDE_DEACTIVATED"}
{"ts":1781598458838,"action":"IDE_ACTIVATED"}
{"ts":1781598460322,"action":"FILE_CLOSED","file":"/docs/DEVELOPMENT_PLAN.md","tags":{"FILE_LINE_OF_CODE":"260"}}
{"ts":1781598460322,"action":"FILE_OPENED","file":"/docs/ARCHITECTURE.md","tags":{"FILE_LINE_OF_CODE":"259"}}
{"ts":1781598482676,"action":"IDE_DEACTIVATED"}
{"ts":1781598600519,"action":"IDE_ACTIVATED"}
{"ts":1781598602334,"action":"IDE_DEACTIVATED"}
{"ts":1781598602428,"action":"IDE_ACTIVATED"}
{"ts":1781598605503,"action":"IDE_DEACTIVATED"}
{"ts":1781599038511,"action":"IDE_ACTIVATED"}
{"ts":1781599044691,"action":"FILE_CLOSED","file":"/docs/ARCHITECTURE.md","tags":{"FILE_LINE_OF_CODE":"259"}}
{"ts":1781599044691,"action":"FILE_OPENED","file":"/src/main/java/hbnu/project/ergoutreecrypt/ui/MainController.java","tags":{"FILE_LINE_OF_CODE":"24"}}
{"ts":1781599084714,"action":"IDE_DEACTIVATED"}
{"ts":1781599093449,"action":"IDE_ACTIVATED"}
{"ts":1781599099714,"action":"FILE_CLOSED","file":"/src/main/java/hbnu/project/ergoutreecrypt/ui/MainController.java","tags":{"FILE_LINE_OF_CODE":"24"}}
{"ts":1781599099714,"action":"FILE_OPENED","file":"/src/main/java/hbnu/project/ergoutreecrypt/crypto/Argon2Kdf.java","tags":{"FILE_LINE_OF_CODE":"66"}}
{"ts":1781599122747,"action":"IDE_DEACTIVATED"}
{"ts":1781599158336,"action":"IDE_ACTIVATED"}
{"ts":1781599160970,"action":"FILE_CLOSED","file":"/src/main/java/hbnu/project/ergoutreecrypt/crypto/Argon2Kdf.java","tags":{"FILE_LINE_OF_CODE":"66"}}
{"ts":1781599160970,"action":"FILE_OPENED","file":"/src/main/java/hbnu/project/ergoutreecrypt/PicocryptApplication.java","tags":{"FILE_LINE_OF_CODE":"40"}}
{"ts":1781599175142,"action":"IDE_DEACTIVATED"}
{"ts":1781599184165,"action":"IDE_ACTIVATED"}
{"ts":1781599187242,"action":"FILE_CLOSED","file":"/src/main/java/hbnu/project/ergoutreecrypt/PicocryptApplication.java","tags":{"FILE_LINE_OF_CODE":"40"}}
{"ts":1781599187242,"action":"FILE_OPENED","file":"/src/main/java/hbnu/project/ergoutreecrypt/crypto/XChaCha20.java","tags":{"FILE_LINE_OF_CODE":"124"}}
{"ts":1781599188817,"action":"FILE_CLOSED","file":"/src/main/java/hbnu/project/ergoutreecrypt/crypto/XChaCha20.java","tags":{"FILE_LINE_OF_CODE":"124"}}
{"ts":1781599188817,"action":"FILE_OPENED","file":"/src/main/java/hbnu/project/ergoutreecrypt/ui/MainController.java","tags":{"FILE_LINE_OF_CODE":"24"}}
{"ts":1781599191179,"action":"FILE_CLOSED","file":"/src/main/java/hbnu/project/ergoutreecrypt/ui/MainController.java","tags":{"FILE_LINE_OF_CODE":"24"}}
{"ts":1781599191179,"action":"FILE_OPENED","file":"/src/main/java/hbnu/project/ergoutreecrypt/crypto/XChaCha20.java","tags":{"FILE_LINE_OF_CODE":"124"}}
{"ts":1781599219515,"action":"IDE_DEACTIVATED"}
{"ts":1781599308993,"action":"IDE_ACTIVATED"}
{"ts":1781599311882,"action":"FILE_CLOSED","file":"/src/main/java/hbnu/project/ergoutreecrypt/crypto/XChaCha20.java","tags":{"FILE_LINE_OF_CODE":"127"}}
{"ts":1781599311882,"action":"FILE_OPENED","file":"/src/test/java/hbnu/project/ergoutreecrypt/crypto/XChaCha20Test.java","tags":{"FILE_LINE_OF_CODE":"84"}}
{"ts":1781599319861,"action":"IDE_DEACTIVATED"}
{"ts":1781599322764,"action":"IDE_ACTIVATED"}
{"ts":1781599322998,"action":"FILE_CLOSED","file":"/src/test/java/hbnu/project/ergoutreecrypt/crypto/XChaCha20Test.java","tags":{"FILE_LINE_OF_CODE":"84"}}
{"ts":1781599322998,"action":"FILE_OPENED","file":"/src/main/java/hbnu/project/ergoutreecrypt/ui/MainController.java","tags":{"FILE_LINE_OF_CODE":"24"}}
{"ts":1781599325315,"action":"FILE_CLOSED","file":"/src/main/java/hbnu/project/ergoutreecrypt/ui/MainController.java","tags":{"FILE_LINE_OF_CODE":"24"}}
{"ts":1781599325315,"action":"FILE_OPENED","file":"/src/main/java/hbnu/project/ergoutreecrypt/crypto/XChaCha20.java","tags":{"FILE_LINE_OF_CODE":"127"}}
{"ts":1781599327140,"action":"FILE_CLOSED","file":"/src/main/java/hbnu/project/ergoutreecrypt/crypto/XChaCha20.java","tags":{"FILE_LINE_OF_CODE":"127"}}
{"ts":1781599327140,"action":"FILE_OPENED","file":"/src/main/java/hbnu/project/ergoutreecrypt/crypto/SubkeyReader.java","tags":{"FILE_LINE_OF_CODE":"94"}}
{"ts":1781599334085,"action":"FILE_CLOSED","file":"/src/main/java/hbnu/project/ergoutreecrypt/crypto/SubkeyReader.java","tags":{"FILE_LINE_OF_CODE":"96"}}
{"ts":1781599334085,"action":"FILE_OPENED","file":"/src/main/java/hbnu/project/ergoutreecrypt/ui/MainController.java","tags":{"FILE_LINE_OF_CODE":"24"}}
{"ts":1781599336244,"action":"FILE_CLOSED","file":"/src/main/java/hbnu/project/ergoutreecrypt/ui/MainController.java","tags":{"FILE_LINE_OF_CODE":"24"}}
{"ts":1781599336244,"action":"FILE_OPENED","file":"/src/main/java/hbnu/project/ergoutreecrypt/crypto/XChaCha20.java","tags":{"FILE_LINE_OF_CODE":"127"}}
{"ts":1781599337843,"action":"FILE_CLOSED","file":"/src/main/java/hbnu/project/ergoutreecrypt/crypto/XChaCha20.java","tags":{"FILE_LINE_OF_CODE":"127"}}
{"ts":1781599337843,"action":"FILE_OPENED","file":"/src/main/java/hbnu/project/ergoutreecrypt/crypto/SubkeyReader.java","tags":{"FILE_LINE_OF_CODE":"96"}}
{"ts":1781599349189,"action":"FILE_CLOSED","file":"/src/main/java/hbnu/project/ergoutreecrypt/crypto/SubkeyReader.java","tags":{"FILE_LINE_OF_CODE":"97"}}
{"ts":1781599349189,"action":"FILE_OPENED","file":"/src/main/java/hbnu/project/ergoutreecrypt/crypto/SerpentCtr.java","tags":{"FILE_LINE_OF_CODE":"39"}}
{"ts":1781599354195,"action":"FILE_CLOSED","file":"/src/main/java/hbnu/project/ergoutreecrypt/crypto/SerpentCtr.java","tags":{"FILE_LINE_OF_CODE":"42"}}
{"ts":1781599354195,"action":"FILE_OPENED","file":"/src/main/java/hbnu/project/ergoutreecrypt/crypto/SecureZero.java","tags":{"FILE_LINE_OF_CODE":"44"}}
{"ts":1781599358828,"action":"FILE_CLOSED","file":"/src/main/java/hbnu/project/ergoutreecrypt/crypto/SecureZero.java","tags":{"FILE_LINE_OF_CODE":"47"}}
{"ts":1781599358828,"action":"FILE_OPENED","file":"/src/main/java/hbnu/project/ergoutreecrypt/crypto/RandomBytes.java","tags":{"FILE_LINE_OF_CODE":"40"}}
{"ts":1781599363460,"action":"FILE_CLOSED","file":"/src/main/java/hbnu/project/ergoutreecrypt/crypto/RandomBytes.java","tags":{"FILE_LINE_OF_CODE":"43"}}
{"ts":1781599363460,"action":"FILE_OPENED","file":"/src/main/java/hbnu/project/ergoutreecrypt/crypto/MacFactory.java","tags":{"FILE_LINE_OF_CODE":"95"}}
{"ts":1781599368922,"action":"FILE_CLOSED","file":"/src/main/java/hbnu/project/ergoutreecrypt/crypto/MacFactory.java","tags":{"FILE_LINE_OF_CODE":"98"}}
{"ts":1781599368922,"action":"FILE_OPENED","file":"/src/main/java/hbnu/project/ergoutreecrypt/crypto/Mac.java","tags":{"FILE_LINE_OF_CODE":"20"}}
{"ts":1781599376050,"action":"FILE_CLOSED","file":"/src/main/java/hbnu/project/ergoutreecrypt/crypto/Mac.java","tags":{"FILE_LINE_OF_CODE":"23"}}
{"ts":1781599376050,"action":"FILE_OPENED","file":"/src/main/java/hbnu/project/ergoutreecrypt/crypto/HkdfStream.java","tags":{"FILE_LINE_OF_CODE":"40"}}
{"ts":1781599380492,"action":"FILE_CLOSED","file":"/src/main/java/hbnu/project/ergoutreecrypt/crypto/HkdfStream.java","tags":{"FILE_LINE_OF_CODE":"43"}}
{"ts":1781599380492,"action":"FILE_OPENED","file":"/src/main/java/hbnu/project/ergoutreecrypt/crypto/CryptoConstants.java","tags":{"FILE_LINE_OF_CODE":"53"}}
{"ts":1781599384380,"action":"FILE_CLOSED","file":"/src/main/java/hbnu/project/ergoutreecrypt/crypto/CryptoConstants.java","tags":{"FILE_LINE_OF_CODE":"56"}}
{"ts":1781599384380,"action":"FILE_OPENED","file":"/src/main/java/hbnu/project/ergoutreecrypt/crypto/CipherSuite.java","tags":{"FILE_LINE_OF_CODE":"129"}}
{"ts":1781599390077,"action":"FILE_CLOSED","file":"/src/main/java/hbnu/project/ergoutreecrypt/crypto/CipherSuite.java","tags":{"FILE_LINE_OF_CODE":"132"}}
{"ts":1781599390077,"action":"FILE_OPENED","file":"/src/main/java/hbnu/project/ergoutreecrypt/crypto/Argon2Kdf.java","tags":{"FILE_LINE_OF_CODE":"66"}}
{"ts":1781599397178,"action":"IDE_DEACTIVATED"}
{"ts":1781599410208,"action":"IDE_ACTIVATED"}
{"ts":1781599412156,"action":"FILE_CLOSED","file":"/src/main/java/hbnu/project/ergoutreecrypt/crypto/Argon2Kdf.java","tags":{"FILE_LINE_OF_CODE":"69"}}
{"ts":1781599412156,"action":"FILE_OPENED","file":"/src/test/java/hbnu/project/ergoutreecrypt/crypto/CryptoPrimitivesTest.java","tags":{"FILE_LINE_OF_CODE":"204"}}
{"ts":1781599424989,"action":"IDE_DEACTIVATED"}
{"ts":1781599438752,"action":"IDE_ACTIVATED"}
{"ts":1781599438998,"action":"FILE_CLOSED","file":"/src/test/java/hbnu/project/ergoutreecrypt/crypto/CryptoPrimitivesTest.java","tags":{"FILE_LINE_OF_CODE":"204"}}
{"ts":1781599438998,"action":"FILE_OPENED","file":"/src/main/java/hbnu/project/ergoutreecrypt/crypto/SerpentCtr.java","tags":{"FILE_LINE_OF_CODE":"42"}}
{"ts":1781599440352,"action":"FILE_CLOSED","file":"/src/main/java/hbnu/project/ergoutreecrypt/crypto/SerpentCtr.java","tags":{"FILE_LINE_OF_CODE":"42"}}
{"ts":1781599440352,"action":"FILE_OPENED","file":"/src/main/java/hbnu/project/ergoutreecrypt/crypto/MacFactory.java","tags":{"FILE_LINE_OF_CODE":"98"}}
{"ts":1781599441537,"action":"FILE_CLOSED","file":"/src/main/java/hbnu/project/ergoutreecrypt/crypto/MacFactory.java","tags":{"FILE_LINE_OF_CODE":"98"}}
{"ts":1781599441537,"action":"FILE_OPENED","file":"/src/main/java/hbnu/project/ergoutreecrypt/crypto/CipherSuite.java","tags":{"FILE_LINE_OF_CODE":"132"}}
{"ts":1781599471295,"action":"FILE_CLOSED","file":"/src/main/java/hbnu/project/ergoutreecrypt/crypto/CipherSuite.java","tags":{"FILE_LINE_OF_CODE":"132"}}
{"ts":1781599471295,"action":"FILE_OPENED","file":"/src/main/java/hbnu/project/ergoutreecrypt/crypto/Argon2Kdf.java","tags":{"FILE_LINE_OF_CODE":"69"}}
{"ts":1781599511625,"action":"FILE_CLOSED","file":"/src/main/java/hbnu/project/ergoutreecrypt/crypto/Argon2Kdf.java","tags":{"FILE_LINE_OF_CODE":"69"}}
{"ts":1781599511625,"action":"FILE_OPENED","file":"/src/main/java/hbnu/project/ergoutreecrypt/crypto/CipherSuite.java","tags":{"FILE_LINE_OF_CODE":"132"}}
{"ts":1781599533758,"action":"FILE_CLOSED","file":"/src/main/java/hbnu/project/ergoutreecrypt/crypto/CipherSuite.java","tags":{"FILE_LINE_OF_CODE":"132"}}
{"ts":1781599533758,"action":"FILE_OPENED","file":"/src/main/java/hbnu/project/ergoutreecrypt/crypto/CryptoConstants.java","tags":{"FILE_LINE_OF_CODE":"56"}}
{"ts":1781599540940,"action":"FILE_CLOSED","file":"/src/main/java/hbnu/project/ergoutreecrypt/crypto/CryptoConstants.java","tags":{"FILE_LINE_OF_CODE":"56"}}
{"ts":1781599540940,"action":"FILE_OPENED","file":"/src/main/java/hbnu/project/ergoutreecrypt/crypto/HkdfStream.java","tags":{"FILE_LINE_OF_CODE":"43"}}
{"ts":1781599541722,"action":"FILE_CLOSED","file":"/src/main/java/hbnu/project/ergoutreecrypt/crypto/HkdfStream.java","tags":{"FILE_LINE_OF_CODE":"43"}}
{"ts":1781599541722,"action":"FILE_OPENED","file":"/src/main/java/hbnu/project/ergoutreecrypt/crypto/CryptoConstants.java","tags":{"FILE_LINE_OF_CODE":"56"}}
{"ts":1781599548185,"action":"FILE_CLOSED","file":"/src/main/java/hbnu/project/ergoutreecrypt/crypto/CryptoConstants.java","tags":{"FILE_LINE_OF_CODE":"84"}}
{"ts":1781599548185,"action":"FILE_OPENED","file":"/src/main/java/hbnu/project/ergoutreecrypt/crypto/HkdfStream.java","tags":{"FILE_LINE_OF_CODE":"43"}}
{"ts":1781599560040,"action":"FILE_CLOSED","file":"/src/main/java/hbnu/project/ergoutreecrypt/crypto/HkdfStream.java","tags":{"FILE_LINE_OF_CODE":"43"}}
{"ts":1781599560040,"action":"FILE_OPENED","file":"/src/main/java/hbnu/project/ergoutreecrypt/crypto/Mac.java","tags":{"FILE_LINE_OF_CODE":"23"}}
{"ts":1781599560985,"action":"FILE_CLOSED","file":"/src/main/java/hbnu/project/ergoutreecrypt/crypto/Mac.java","tags":{"FILE_LINE_OF_CODE":"23"}}
{"ts":1781599560985,"action":"FILE_OPENED","file":"/src/main/java/hbnu/project/ergoutreecrypt/crypto/MacFactory.java","tags":{"FILE_LINE_OF_CODE":"98"}}
{"ts":1781599561571,"action":"FILE_CLOSED","file":"/src/main/java/hbnu/project/ergoutreecrypt/crypto/MacFactory.java","tags":{"FILE_LINE_OF_CODE":"98"}}
{"ts":1781599561571,"action":"FILE_OPENED","file":"/src/main/java/hbnu/project/ergoutreecrypt/crypto/RandomBytes.java","tags":{"FILE_LINE_OF_CODE":"43"}}
{"ts":1781599562066,"action":"FILE_CLOSED","file":"/src/main/java/hbnu/project/ergoutreecrypt/crypto/RandomBytes.java","tags":{"FILE_LINE_OF_CODE":"43"}}
{"ts":1781599562066,"action":"FILE_OPENED","file":"/src/main/java/hbnu/project/ergoutreecrypt/crypto/SecureZero.java","tags":{"FILE_LINE_OF_CODE":"47"}}
{"ts":1781599562571,"action":"FILE_CLOSED","file":"/src/main/java/hbnu/project/ergoutreecrypt/crypto/SecureZero.java","tags":{"FILE_LINE_OF_CODE":"47"}}
{"ts":1781599562571,"action":"FILE_OPENED","file":"/src/main/java/hbnu/project/ergoutreecrypt/crypto/SerpentCtr.java","tags":{"FILE_LINE_OF_CODE":"42"}}
{"ts":1781599563108,"action":"FILE_CLOSED","file":"/src/main/java/hbnu/project/ergoutreecrypt/crypto/SerpentCtr.java","tags":{"FILE_LINE_OF_CODE":"42"}}
{"ts":1781599563108,"action":"FILE_OPENED","file":"/src/main/java/hbnu/project/ergoutreecrypt/crypto/XChaCha20.java","tags":{"FILE_LINE_OF_CODE":"127"}}
{"ts":1781599563513,"action":"FILE_CLOSED","file":"/src/main/java/hbnu/project/ergoutreecrypt/crypto/XChaCha20.java","tags":{"FILE_LINE_OF_CODE":"127"}}
{"ts":1781599563513,"action":"FILE_OPENED","file":"/src/main/java/hbnu/project/ergoutreecrypt/crypto/SubkeyReader.java","tags":{"FILE_LINE_OF_CODE":"97"}}
{"ts":1781599569320,"action":"IDE_DEACTIVATED"}
{"ts":1781599774384,"action":"IDE_ACTIVATED"}
{"ts":1781599782213,"action":"IDE_DEACTIVATED"}
{"ts":1781599993248,"action":"IDE_ACTIVATED"}
{"ts":1781599993450,"action":"FILE_CLOSED","file":"/src/main/java/hbnu/project/ergoutreecrypt/crypto/SubkeyReader.java","tags":{"FILE_LINE_OF_CODE":"97"}}
{"ts":1781599993450,"action":"FILE_OPENED","file":"/docs/DEVELOPMENT_PLAN.md","tags":{"FILE_LINE_OF_CODE":"260"}}
{"ts":1781599994668,"action":"FILE_CLOSED","file":"/docs/DEVELOPMENT_PLAN.md","tags":{"FILE_LINE_OF_CODE":"260"}}
{"ts":1781599994668,"action":"FILE_OPENED","file":"/docs/ARCHITECTURE.md","tags":{"FILE_LINE_OF_CODE":"259"}}
{"ts":1781599996133,"action":"FILE_CLOSED","file":"/docs/ARCHITECTURE.md","tags":{"FILE_LINE_OF_CODE":"259"}}
{"ts":1781599996133,"action":"FILE_OPENED","file":"/docs/MP3_FORMAT_PRESERVING.md","tags":{"FILE_LINE_OF_CODE":"208"}}
{"ts":1781600031993,"action":"FILE_CLOSED","file":"/docs/MP3_FORMAT_PRESERVING.md","tags":{"FILE_LINE_OF_CODE":"208"}}
{"ts":1781600031993,"action":"FILE_OPENED","file":"/docs/ARCHITECTURE.md","tags":{"FILE_LINE_OF_CODE":"259"}}
{"ts":1781600039777,"action":"FILE_CLOSED","file":"/docs/ARCHITECTURE.md","tags":{"FILE_LINE_OF_CODE":"259"}}
{"ts":1781600039777,"action":"FILE_OPENED","file":"/docs/MP3_FORMAT_PRESERVING.md","tags":{"FILE_LINE_OF_CODE":"208"}}
{"ts":1781600040247,"action":"FILE_CLOSED","file":"/docs/MP3_FORMAT_PRESERVING.md","tags":{"FILE_LINE_OF_CODE":"208"}}
{"ts":1781600040247,"action":"FILE_OPENED","file":"/docs/DEVELOPMENT_PLAN.md","tags":{"FILE_LINE_OF_CODE":"260"}}
{"ts":1781600053637,"action":"IDE_DEACTIVATED"}
{"ts":1781600091767,"action":"IDE_ACTIVATED"}
{"ts":1781600133247,"action":"IDE_DEACTIVATED"}
{"ts":1781600360226,"action":"IDE_ACTIVATED"}
{"ts":1781600375235,"action":"IDE_DEACTIVATED"}
{"ts":1781600376880,"action":"IDE_ACTIVATED"}
{"ts":1781600380153,"action":"IDE_DEACTIVATED"}
{"ts":1781600380991,"action":"IDE_ACTIVATED"}
{"ts":1781600386865,"action":"IDE_DEACTIVATED"}
{"ts":1781600389269,"action":"IDE_ACTIVATED"}
{"ts":1781600395012,"action":"IDE_DEACTIVATED"}
{"ts":1781600397849,"action":"IDE_ACTIVATED"}
{"ts":1781600403819,"action":"IDE_DEACTIVATED"}
{"ts":1781600505023,"action":"IDE_ACTIVATED"}
{"ts":1781600506251,"action":"IDE_DEACTIVATED"}
{"ts":1781600791468,"action":"IDE_ACTIVATED"}
{"ts":1781600792914,"action":"FILE_CLOSED","file":"/docs/DEVELOPMENT_PLAN.md","tags":{"FILE_LINE_OF_CODE":"260"}}
{"ts":1781600792914,"action":"FILE_OPENED","file":"/src/main/java/hbnu/project/ergoutreecrypt/encoding/Fec.java","tags":{"FILE_LINE_OF_CODE":"357"}}
{"ts":1781600799086,"action":"FILE_CLOSED","file":"/src/main/java/hbnu/project/ergoutreecrypt/encoding/Fec.java","tags":{"FILE_LINE_OF_CODE":"357"}}
{"ts":1781600799086,"action":"FILE_OPENED","file":"/src/main/java/hbnu/project/ergoutreecrypt/encoding/RsCodecs.java","tags":{"FILE_LINE_OF_CODE":"37"}}
{"ts":1781600806106,"action":"IDE_DEACTIVATED"}
{"ts":1781600929013,"action":"IDE_ACTIVATED"}
{"ts":1781600937907,"action":"IDE_DEACTIVATED"}
{"ts":1781601213495,"action":"IDE_ACTIVATED"}
{"ts":1781601214520,"action":"IDE_DEACTIVATED"}
{"ts":1781601214611,"action":"IDE_ACTIVATED"}
{"ts":1781601257233,"action":"IDE_DEACTIVATED"}
{"ts":1781601269352,"action":"IDE_ACTIVATED"}
{"ts":1781601298255,"action":"FILE_CLOSED","file":"/src/main/java/hbnu/project/ergoutreecrypt/encoding/RsCodecs.java","tags":{"FILE_LINE_OF_CODE":"37"}}
{"ts":1781601298255,"action":"FILE_OPENED","file":"/src/main/java/hbnu/project/ergoutreecrypt/PicocryptApplication.java","tags":{"FILE_LINE_OF_CODE":"40"}}
{"ts":1781601306165,"action":"IDE_DEACTIVATED"}
{"ts":1781601311578,"action":"IDE_ACTIVATED"}
{"ts":1781601325201,"action":"IDE_DEACTIVATED"}
{"ts":1781601660935,"action":"IDE_ACTIVATED"}
{"ts":1781601665509,"action":"IDE_DEACTIVATED"}
{"ts":1781601680136,"action":"IDE_ACTIVATED"}
{"ts":1781601716905,"action":"IDE_DEACTIVATED"}
{"ts":1781601717114,"action":"IDE_ACTIVATED"}
{"ts":1781601723241,"action":"IDE_DEACTIVATED"}
{"ts":1781601735052,"action":"IDE_ACTIVATED"}
{"ts":1781601736582,"action":"PROJECT_CLOSED","tags":{"PROJECT_NAME":"ErgouTreeCrypt"}}
